<?xml version="1.0" encoding="UTF-8"?>
<testsuite xmlns:xsi="http://www.w3.org/2001/XMLSchema-instance" xsi:noNamespaceSchemaLocation="https://maven.apache.org/surefire/maven-surefire-plugin/xsd/surefire-test-report-3.0.xsd" version="3.0" name="com.halcon.aerolineas.utils.PasswordUtilTest" time="0.028" tests="6" errors="0" skipped="0" failures="0">
  <properties>
[...]
</properties>
  <testcase name="testVerifyPasswordWithInvalidHash" classname="com.halcon.aerolineas.utils.PasswordUtilTest" time="0.006"/>
  <testcase name="testVerifyPasswordCorrect" classname="com.halcon.aerolineas.utils.PasswordUtilTest" time="0.0"/>
  <testcase name="testHashPasswordGeneratesValidHash" classname="com.halcon.aerolineas.utils.PasswordUtilTest" time="0.007"/>
  <testcase name="testGenerarCodigoReservacionFormato" classname="com.halcon.aerolineas.utils.PasswordUtilTest" time="0.002"/>
  <testcase name="testVerifyPasswordIncorrect" classname="com.halcon.aerolineas.utils.PasswordUtilTest" time="0.003"/>
  <testcase name="testGenerarCodigoReservacionUnicidad" classname="com.halcon.aerolineas.utils.PasswordUtilTest" time="0.0"/>
</testsuite>