<?xml version="1.0" encoding="UTF-8"?>
<testsuite xmlns:xsi="http://www.w3.org/2001/XMLSchema-instance" xsi:noNamespaceSchemaLocation="https://maven.apache.org/surefire/maven-surefire-plugin/xsd/surefire-test-report-3.0.xsd" version="3.0" name="com.halcon.aerolineas.integration.AuthServiceIntegrationTest" time="0.973" tests="2" errors="1" skipped="0" failures="1">
  <properties>
[...]
</properties>
  <testcase name="testLoginWithWrongPassword" classname="com.halcon.aerolineas.integration.AuthServiceIntegrationTest" time="0.894">
    <failure message="Unexpected exception type thrown, expected: &lt;java.lang.IllegalArgumentException&gt; but was: &lt;java.sql.SQLRecoverableException&gt;" type="org.opentest4j.AssertionFailedError"><![CDATA[org.opentest4j.AssertionFailedError: Unexpected exception type thrown, expected: <java.lang.IllegalArgumentException> but was: <java.sql.SQLRecoverableException>
	at org.junit.jupiter.api.AssertionFailureBuilder.build(AssertionFailureBuilder.java:151)
	at org.junit.jupiter.api.AssertThrows.assertThrows(AssertThrows.java:67)
	at org.junit.jupiter.api.AssertThrows.assertThrows(AssertThrows.java:35)
	at org.junit.jupiter.api.Assertions.assertThrows(Assertions.java:3115)
	at com.halcon.aerolineas.integration.AuthServiceIntegrationTest.testLoginWithWrongPassword(AuthServiceIntegrationTest.java:57)
	at java.base/java.lang.reflect.Method.invoke(Method.java:566)
	at java.base/java.util.ArrayList.forEach(ArrayList.java:1541)
	at java.base/java.util.ArrayList.forEach(ArrayList.java:1541)
Caused by: java.sql.SQLRecoverableException: Error de E/S: The Network Adapter could not establish the connection (CONNECTION_ID=0HUHFLavS2iHH9e9Yshq+A==)
	at oracle.jdbc.driver.T4CConnection.handleLogonNetException(T4CConnection.java:870)
	at oracle.jdbc.driver.T4CConnection.logon(T4CConnection.java:675)
	at oracle.jdbc.driver.PhysicalConnection.connect(PhysicalConnection.java:1032)
	at oracle.jdbc.driver.T4CDriverExtension.getConnection(T4CDriverExtension.java:90)
	at oracle.jdbc.driver.OracleDriver.connect(OracleDriver.java:681)
	at oracle.jdbc.driver.OracleDriver.connect(OracleDriver.java:602)
	at java.sql/java.sql.DriverManager.getConnection(DriverManager.java:677)
	at java.sql/java.sql.DriverManager.getConnection(DriverManager.java:228)
	at com.halcon.aerolineas.config.DatabaseConfig.getConnection(DatabaseConfig.java:39)
	at com.halcon.aerolineas.dao.UsuarioDAO.findByEmail(UsuarioDAO.java:42)
	at com.halcon.aerolineas.services.AuthService.login(AuthService.java:45)
	at com.halcon.aerolineas.integration.AuthServiceIntegrationTest.lambda$testLoginWithWrongPassword$0(AuthServiceIntegrationTest.java:58)
	at org.junit.jupiter.api.AssertThrows.assertThrows(AssertThrows.java:53)
	... 6 more
Caused by: oracle.net.ns.NetException: The Network Adapter could not establish the connection (CONNECTION_ID=0HUHFLavS2iHH9e9Yshq+A==)
	at oracle.net.nt.ConnStrategy.execute(ConnStrategy.java:594)
	at oracle.net.resolver.AddrResolution.resolveAndExecute(AddrResolution.java:565)
	at oracle.net.ns.NSProtocol.establishConnection(NSProtocol.java:937)
	at oracle.net.ns.NSProtocol.connect(NSProtocol.java:346)
	at oracle.jdbc.driver.T4CConnection.connect(T4CConnection.java:1967)
	at oracle.jdbc.driver.T4CConnection.logon(T4CConnection.java:640)
	... 17 more
Caused by: java.io.IOException: Connection refused: connect, socket connect lapse 0 ms. 0:0:0:0:0:0:0:1 1521  0 (1/1) true
	at oracle.net.nt.TcpNTAdapter.establishSocket(TcpNTAdapter.java:421)
	at oracle.net.nt.TcpNTAdapter.doLocalDNSLookupConnect(TcpNTAdapter.java:303)
	at oracle.net.nt.TcpNTAdapter.connect(TcpNTAdapter.java:265)
	at oracle.net.nt.ConnOption.connect(ConnOption.java:229)
	at oracle.net.nt.ConnStrategy.executeConnOption(ConnStrategy.java:814)
	at oracle.net.nt.ConnStrategy.execute(ConnStrategy.java:555)
	... 22 more
Caused by: java.net.ConnectException: Connection refused: connect
	at java.base/sun.nio.ch.Net.connect0(Native Method)
	at java.base/sun.nio.ch.Net.connect(Net.java:483)
	at java.base/sun.nio.ch.Net.connect(Net.java:472)
	at java.base/sun.nio.ch.SocketChannelImpl.connect(SocketChannelImpl.java:692)
	at java.base/java.nio.channels.SocketChannel.open(SocketChannel.java:194)
	at oracle.net.nt.TimeoutSocketChannel.connect(TimeoutSocketChannel.java:184)
	at oracle.net.nt.TimeoutSocketChannel.<init>(TimeoutSocketChannel.java:158)
	at oracle.net.nt.TcpNTAdapter.establishSocket(TcpNTAdapter.java:380)
	... 27 more
]]></failure>
  </testcase>
  <testcase name="testRegisterAndLogin" classname="com.halcon.aerolineas.integration.AuthServiceIntegrationTest" time="0.011">
    <error message="Error de E/S: The Network Adapter could not establish the connection (CONNECTION_ID=zsFPeRS5T1+jpf3VBtvc4g==)" type="java.sql.SQLRecoverableException"><![CDATA[java.sql.SQLRecoverableException: Error de E/S: The Network Adapter could not establish the connection (CONNECTION_ID=zsFPeRS5T1+jpf3VBtvc4g==)
	at oracle.jdbc.driver.T4CConnection.handleLogonNetException(T4CConnection.java:870)
	at oracle.jdbc.driver.T4CConnection.logon(T4CConnection.java:675)
	at oracle.jdbc.driver.PhysicalConnection.connect(PhysicalConnection.java:1032)
	at oracle.jdbc.driver.T4CDriverExtension.getConnection(T4CDriverExtension.java:90)
	at oracle.jdbc.driver.OracleDriver.connect(OracleDriver.java:681)
	at oracle.jdbc.driver.OracleDriver.connect(OracleDriver.java:602)
	at java.sql/java.sql.DriverManager.getConnection(DriverManager.java:677)
	at java.sql/java.sql.DriverManager.getConnection(DriverManager.java:228)
	at com.halcon.aerolineas.config.DatabaseConfig.getConnection(DatabaseConfig.java:39)
	at com.halcon.aerolineas.dao.UsuarioDAO.findByEmail(UsuarioDAO.java:42)
	at com.halcon.aerolineas.services.AuthService.registrar(AuthService.java:101)
	at com.halcon.aerolineas.integration.AuthServiceIntegrationTest.testRegisterAndLogin(AuthServiceIntegrationTest.java:28)
	at java.base/java.lang.reflect.Method.invoke(Method.java:566)
	at java.base/java.util.ArrayList.forEach(ArrayList.java:1541)
	at java.base/java.util.ArrayList.forEach(ArrayList.java:1541)
Caused by: oracle.net.ns.NetException: The Network Adapter could not establish the connection (CONNECTION_ID=zsFPeRS5T1+jpf3VBtvc4g==)
	at oracle.net.nt.ConnStrategy.execute(ConnStrategy.java:594)
	at oracle.net.resolver.AddrResolution.resolveAndExecute(AddrResolution.java:565)
	at oracle.net.ns.NSProtocol.establishConnection(NSProtocol.java:937)
	at oracle.net.ns.NSProtocol.connect(NSProtocol.java:346)
	at oracle.jdbc.driver.T4CConnection.connect(T4CConnection.java:1967)
	at oracle.jdbc.driver.T4CConnection.logon(T4CConnection.java:640)
	... 13 more
Caused by: java.io.IOException: Connection refused: connect, socket connect lapse 5 ms. 0:0:0:0:0:0:0:1 1521  0 (1/1) true
	at oracle.net.nt.TcpNTAdapter.establishSocket(TcpNTAdapter.java:421)
	at oracle.net.nt.TcpNTAdapter.doLocalDNSLookupConnect(TcpNTAdapter.java:303)
	at oracle.net.nt.TcpNTAdapter.connect(TcpNTAdapter.java:265)
	at oracle.net.nt.ConnOption.connect(ConnOption.java:229)
	at oracle.net.nt.ConnStrategy.executeConnOption(ConnStrategy.java:814)
	at oracle.net.nt.ConnStrategy.execute(ConnStrategy.java:555)
	... 18 more
Caused by: java.net.ConnectException: Connection refused: connect
	at java.base/sun.nio.ch.Net.connect0(Native Method)
	at java.base/sun.nio.ch.Net.connect(Net.java:483)
	at java.base/sun.nio.ch.Net.connect(Net.java:472)
	at java.base/sun.nio.ch.SocketChannelImpl.connect(SocketChannelImpl.java:692)
	at java.base/java.nio.channels.SocketChannel.open(SocketChannel.java:194)
	at oracle.net.nt.TimeoutSocketChannel.connect(TimeoutSocketChannel.java:184)
	at oracle.net.nt.TimeoutSocketChannel.<init>(TimeoutSocketChannel.java:158)
	at oracle.net.nt.TcpNTAdapter.establishSocket(TcpNTAdapter.java:380)
	... 23 more
]]></error>
  </testcase>
</testsuite>