<?xml version="1.0" encoding="UTF-8"?>
<testsuite xmlns:xsi="http://www.w3.org/2001/XMLSchema-instance" xsi:noNamespaceSchemaLocation="https://maven.apache.org/surefire/maven-surefire-plugin/xsd/surefire-test-report-3.0.xsd" version="3.0" name="com.halcon.aerolineas.utils.LocalDateTimeAdapterTest" time="0.014" tests="5" errors="0" skipped="0" failures="0">
  <properties>
[...]
</properties>
  <testcase name="testDeserializeValidJson" classname="com.halcon.aerolineas.utils.LocalDateTimeAdapterTest" time="0.003"/>
  <testcase name="testSerializeValidLocalDateTime" classname="com.halcon.aerolineas.utils.LocalDateTimeAdapterTest" time="0.0"/>
  <testcase name="testSerializeAndDeserializeConsistency" classname="com.halcon.aerolineas.utils.LocalDateTimeAdapterTest" time="0.0"/>
  <testcase name="testSerializeWithNull" classname="com.halcon.aerolineas.utils.LocalDateTimeAdapterTest" time="0.001"/>
  <testcase name="testDeserializeInvalidFormat" classname="com.halcon.aerolineas.utils.LocalDateTimeAdapterTest" time="0.002"/>
</testsuite>